Build started 08/10/2024 00:00:10.
     1>Project "C:\Users\leahy\OneDrive\documents\visual studio 2010\Projects\project\project\project.vcxproj" on node 2 (build target(s)).
     1>InitializeBuildStatus:
         Creating "Debug\project.unsuccessfulbuild" because "AlwaysCreate" was specified.
       ClCompile:
         C:\Program Files (x86)\Microsoft Visual Studio 10.0\VC\bin\CL.exe /c /ZI /nologo /W3 /WX- /Od /Oy- /D WIN32 /D _DEBUG /D _CONSOLE /D _UNICODE /D UNICODE /Gm /EHsc /RTC1 /MDd /GS /fp:precise /Zc:wchar_t /Zc:forScope /Fo"Debug\\" /Fd"Debug\vc100.pdb" /Gd /TC /analyze- /errorReport:prompt assignment.c
         assignment.c
     1>c:\users\leahy\onedrive\documents\visual studio 2010\projects\project\project\assignment.c(12): warning C4996: 'gets': This function or variable may be unsafe. Consider using gets_s instead. To disable deprecation, use _CRT_SECURE_NO_WARNINGS. See online help for details.
                 c:\program files (x86)\microsoft visual studio 10.0\vc\include\stdio.h(277) : see declaration of 'gets'
     1>c:\users\leahy\onedrive\documents\visual studio 2010\projects\project\project\assignment.c(27): warning C4996: 'strrev': The POSIX name for this item is deprecated. Instead, use the ISO C++ conformant name: _strrev. See online help for details.
                 c:\program files (x86)\microsoft visual studio 10.0\vc\include\string.h(250) : see declaration of 'strrev'
     1>c:\users\leahy\onedrive\documents\visual studio 2010\projects\project\project\assignment.c(31): warning C4013: 'system' undefined; assuming extern returning int
       ManifestResourceCompile:
         All outputs are up-to-date.
       Link:
         C:\Program Files (x86)\Microsoft Visual Studio 10.0\VC\bin\link.exe /ERRORREPORT:PROMPT /OUT:"C:\Users\leahy\onedrive\documents\visual studio 2010\Projects\project\Debug\project.exe" /INCREMENTAL /NOLOGO kernel32.lib user32.lib gdi32.lib winspool.lib comdlg32.lib advapi32.lib shell32.lib ole32.lib oleaut32.lib uuid.lib odbc32.lib odbccp32.lib /MANIFEST /ManifestFile:"Debug\project.exe.intermediate.manifest" /MANIFESTUAC:"level='asInvoker' uiAccess='false'" /DEBUG /PDB:"C:\Users\leahy\onedrive\documents\visual studio 2010\Projects\project\Debug\project.pdb" /SUBSYSTEM:CONSOLE /TLBID:1 /DYNAMICBASE /NXCOMPAT /IMPLIB:"C:\Users\leahy\onedrive\documents\visual studio 2010\Projects\project\Debug\project.lib" /MACHINE:X86 Debug\project.exe.embed.manifest.res
         Debug\assignment.obj
       Manifest:
         C:\Program Files (x86)\Microsoft SDKs\Windows\v7.0A\bin\mt.exe /nologo /verbose /out:"Debug\project.exe.embed.manifest" /manifest Debug\project.exe.intermediate.manifest
         All outputs are up-to-date.
       LinkEmbedManifest:
         All outputs are up-to-date.
         project.vcxproj -> C:\Users\leahy\onedrive\documents\visual studio 2010\Projects\project\Debug\project.exe
       FinalizeBuildStatus:
         Deleting file "Debug\project.unsuccessfulbuild".
         Touching "Debug\project.lastbuildstate".
     1>Done Building Project "C:\Users\leahy\OneDrive\documents\visual studio 2010\Projects\project\project\project.vcxproj" (build target(s)).

Build succeeded.

Time Elapsed 00:00:01.82
